there are no elements
there are no elements
there are no elements
there are no elements
there are no elements
Preorder listing: P G A D B C F E K J H I N M L O W T Q S R V U Z X Y 
Postorder listing: G A D B C F E K J H I N M L O W T Q S R V U Z X Y P 
Inorder listing: A B C D E F G H I J K L M N O P Q R S T U V W X Y Z 
the minimum is A 
the maximum is Z 
found key A
found key B
found key C
found key D
found key E
found key F
found key G
found key H
found key I
found key J
found key K
found key L
found key M
found key N
found key O
found key P
found key Q
found key R
found key S
found key T
found key U
found key V
found key W
found key X
found key Y
found key Z
not found key A
not found key B
not found key C
not found key D
not found key E
not found key F
not found key G
not found key H
not found key I
not found key J
not found key K
not found key L
not found key M
not found key N
not found key O
not found key P
not found key Q
not found key R
not found key S
not found key T
not found key U
not found key V
not found key W
not found key X
not found key Y
not found key Z
there are no elements
there are no elements
there are no elements
there are no elements
there are no elements
